<?xml version="1.0" encoding="UTF-8"?>
<!-- Generated by org.testng.reporters.JUnitReportReporter -->
<testsuite hostname="Priyanka" failures="0" tests="2" name="com.WebTesting.DropdownAutomation.S23_SampleTestForTestNG" time="0.016" errors="0" timestamp="2025-07-03T08:20:11 IST" skipped="0">
  <testcase classname="com.WebTesting.DropdownAutomation.S23_SampleTestForTestNG" name="testCase1" time="0.015"/>
  <testcase classname="com.WebTesting.DropdownAutomation.S23_SampleTestForTestNG" name="testCase2" time="0.001"/>
</testsuite> <!-- com.WebTesting.DropdownAutomation.S23_SampleTestForTestNG -->
