<?xml version="1.0" encoding="UTF-8"?>
<!-- Generated by org.testng.reporters.JUnitReportReporter -->
<testsuite hostname="Priyanka" failures="0" tests="1" name="com.WebTesting.DropdownAutomation.S26_AmazonUtilityUseCase" time="6.353" errors="0" timestamp="2025-07-04T08:31:09 IST" skipped="0">
  <testcase classname="com.WebTesting.DropdownAutomation.S26_AmazonUtilityUseCase" name="testDropdownWithUtility" time="6.353"/>
</testsuite> <!-- com.WebTesting.DropdownAutomation.S26_AmazonUtilityUseCase -->
