<?xml version="1.0" encoding="UTF-8"?>
<!-- Generated by org.testng.reporters.JUnitReportReporter -->
<testsuite hostname="Priyanka" failures="0" tests="1" name="com.WebTesting.DropdownAutomation.S27_DropdownAllOptions" time="6.600" errors="0" timestamp="2025-07-04T08:39:02 IST" skipped="0">
  <testcase classname="com.WebTesting.DropdownAutomation.S27_DropdownAllOptions" name="f" time="6.600"/>
</testsuite> <!-- com.WebTesting.DropdownAutomation.S27_DropdownAllOptions -->
