<?xml version="1.0" encoding="UTF-8"?>
<!-- Generated by org.testng.reporters.JUnitReportReporter -->
<testsuite hostname="Priyanka" failures="0" tests="1" name="com.WebTesting.DropdownAutomation.S25_SelectBasedDropdown_Facebook" time="3.811" errors="0" timestamp="2025-07-04T08:27:14 IST" skipped="0">
  <testcase classname="com.WebTesting.DropdownAutomation.S25_SelectBasedDropdown_Facebook" name="testDropdown" time="3.811"/>
</testsuite> <!-- com.WebTesting.DropdownAutomation.S25_SelectBasedDropdown_Facebook -->
