<?xml version="1.0" encoding="UTF-8"?>
<!-- Generated by org.testng.reporters.JUnitReportReporter -->
<testsuite hostname="Priyanka" failures="0" tests="1" name="com.WebTesting.DropdownAutomation.S24_SelectBasedDropdown_AmazonApp" time="7.240" errors="0" timestamp="2025-07-04T07:58:11 IST" skipped="0">
  <testcase classname="com.WebTesting.DropdownAutomation.S24_SelectBasedDropdown_AmazonApp" name="testDropdown" time="7.240"/>
</testsuite> <!-- com.WebTesting.DropdownAutomation.S24_SelectBasedDropdown_AmazonApp -->
